TN:
SF:C:\Users\nagaraja.bollu\documents\visual studio 2017\Projects\D3TestCases\D3TestCases\src\polyfills.ts
FNF:0
FNH:0
DA:44,1
DA:45,1
DA:56,1
LF:3
LH:3
BRF:0
BRH:0
end_of_record
TN:
SF:C:\Users\nagaraja.bollu\documents\visual studio 2017\Projects\D3TestCases\D3TestCases\src\test.ts
FN:20,(anonymous_0)
FNF:1
FNH:1
FNDA:1,(anonymous_0)
DA:3,1
DA:4,1
DA:5,1
DA:6,1
DA:7,1
DA:8,1
DA:9,1
DA:10,1
DA:20,1
DA:23,1
DA:28,1
DA:30,1
DA:32,1
LF:13
LH:13
BRF:0
BRH:0
end_of_record
TN:
SF:C:\Users\nagaraja.bollu\documents\visual studio 2017\Projects\D3TestCases\D3TestCases\src\app\app.component.ts
FN:8,(anonymous_2)
FNF:1
FNH:1
FNDA:3,(anonymous_2)
DA:1,1
DA:3,1
DA:8,1
DA:9,3
LF:4
LH:4
BRF:0
BRH:0
end_of_record
TN:
SF:C:\Users\nagaraja.bollu\documents\visual studio 2017\Projects\D3TestCases\D3TestCases\src\app\bar-chart\bar-chart.component.ts
FN:11,(anonymous_2)
FN:13,(anonymous_3)
FN:17,(anonymous_4)
FN:40,(anonymous_5)
FN:42,(anonymous_6)
FN:42,(anonymous_7)
FN:50,(anonymous_8)
FN:52,(anonymous_9)
FN:52,(anonymous_10)
FN:54,(anonymous_11)
FN:55,(anonymous_12)
FN:59,(anonymous_13)
FN:62,(anonymous_14)
FN:63,(anonymous_15)
FN:85,(anonymous_16)
FN:115,(anonymous_17)
FN:121,(anonymous_18)
FN:129,(anonymous_19)
FN:134,(anonymous_20)
FNF:19
FNH:19
FNDA:7,(anonymous_2)
FNDA:7,(anonymous_3)
FNDA:7,(anonymous_4)
FNDA:28,(anonymous_5)
FNDA:28,(anonymous_6)
FNDA:168,(anonymous_7)
FNDA:28,(anonymous_8)
FNDA:28,(anonymous_9)
FNDA:168,(anonymous_10)
FNDA:168,(anonymous_11)
FNDA:168,(anonymous_12)
FNDA:168,(anonymous_13)
FNDA:168,(anonymous_14)
FNDA:24,(anonymous_15)
FNDA:24,(anonymous_16)
FNDA:42,(anonymous_17)
FNDA:42,(anonymous_18)
FNDA:42,(anonymous_19)
FNDA:7,(anonymous_20)
DA:1,1
DA:2,1
DA:4,1
DA:9,1
DA:14,7
DA:18,7
DA:19,7
DA:20,7
DA:23,7
DA:24,7
DA:25,7
DA:29,7
DA:32,7
DA:33,7
DA:34,7
DA:35,7
DA:36,7
DA:40,28
DA:41,7
DA:42,168
DA:45,7
DA:50,28
DA:52,168
DA:54,168
DA:56,168
DA:60,168
DA:62,168
DA:64,24
DA:66,24
DA:67,24
DA:68,24
DA:69,24
DA:74,24
DA:79,24
DA:86,24
DA:87,24
DA:88,24
DA:91,7
DA:96,7
DA:107,7
DA:115,42
DA:117,7
DA:122,42
DA:125,7
DA:129,42
DA:135,7
LF:46
LH:46
BRF:0
BRH:0
end_of_record
